# JRE version: OpenJDK Runtime Environment (11.0.8+10) (build 11.0.8+10-b944.6842174)
# Java VM: OpenJDK 64-Bit Server VM (11.0.8+10-b944.6842174, mixed mode, tiered, compressed oops, g1 gc, windows-amd64)
Heap:
 garbage-first heap   total 196608K, used 121843K [0x0000000080000000, 0x0000000100000000)
  region size 1024K, 32 young (32768K), 2 survivors (2048K)
 Metaspace       used 94269K, capacity 96371K, committed 97008K, reserved 1134592K
  class space    used 11468K, capacity 12152K, committed 12492K, reserved 1048576K
GC Heap History (20 events):
Event: 11.764 GC heap before
{Heap before GC invocations=21 (full 0):
 garbage-first heap   total 196608K, used 97759K [0x0000000080000000, 0x0000000100000000)
  region size 1024K, 9 young (9216K), 3 survivors (3072K)
 Metaspace       used 89753K, capacity 91760K, committed 92912K, reserved 1130496K
  class space    used 11166K, capacity 11841K, committed 12236K, reserved 1048576K
}
Event: 11.767 GC heap after
{Heap after GC invocations=22 (full 0):
 garbage-first heap   total 196608K, used 82107K [0x0000000080000000, 0x0000000100000000)
  region size 1024K, 1 young (1024K), 1 survivors (1024K)
 Metaspace       used 89753K, capacity 91760K, committed 92912K, reserved 1130496K
  class space    used 11166K, capacity 11841K, committed 12236K, reserved 1048576K
}
Event: 101.441 GC heap before
{Heap before GC invocations=22 (full 0):
 garbage-first heap   total 196608K, used 151739K [0x0000000080000000, 0x0000000100000000)
  region size 1024K, 70 young (71680K), 1 survivors (1024K)
 Metaspace       used 93752K, capacity 95861K, committed 96496K, reserved 1134592K
  class space    used 11468K, capacity 12155K, committed 12492K, reserved 1048576K
}
Event: 101.446 GC heap after
{Heap after GC invocations=23 (full 0):
 garbage-first heap   total 196608K, used 87385K [0x0000000080000000, 0x0000000100000000)
  region size 1024K, 6 young (6144K), 6 survivors (6144K)
 Metaspace       used 93752K, capacity 95861K, committed 96496K, reserved 1134592K
  class space    used 11468K, capacity 12155K, committed 12492K, reserved 1048576K
}
Event: 102.053 GC heap before
{Heap before GC invocations=23 (full 0):
 garbage-first heap   total 196608K, used 154969K [0x0000000080000000, 0x0000000100000000)
  region size 1024K, 73 young (74752K), 6 survivors (6144K)
 Metaspace       used 93939K, capacity 95998K, committed 96496K, reserved 1134592K
  class space    used 11469K, capacity 12155K, committed 12492K, reserved 1048576K
}
Event: 102.059 GC heap after
{Heap after GC invocations=24 (full 0):
 garbage-first heap   total 196608K, used 89523K [0x0000000080000000, 0x0000000100000000)
  region size 1024K, 3 young (3072K), 3 survivors (3072K)
 Metaspace       used 93939K, capacity 95998K, committed 96496K, reserved 1134592K
  class space    used 11469K, capacity 12155K, committed 12492K, reserved 1048576K
}
Event: 102.291 GC heap before
{Heap before GC invocations=24 (full 0):
 garbage-first heap   total 196608K, used 134579K [0x0000000080000000, 0x0000000100000000)
  region size 1024K, 48 young (49152K), 3 survivors (3072K)
 Metaspace       used 93956K, capacity 95998K, committed 96496K, reserved 1134592K
  class space    used 11469K, capacity 12155K, committed 12492K, reserved 1048576K
}
Event: 102.310 GC heap after
{Heap after GC invocations=25 (full 0):
 garbage-first heap   total 196608K, used 97403K [0x0000000080000000, 0x0000000100000000)
  region size 1024K, 9 young (9216K), 9 survivors (9216K)
 Metaspace       used 93956K, capacity 95998K, committed 96496K, reserved 1134592K
  class space    used 11469K, capacity 12155K, committed 12492K, reserved 1048576K
}
Event: 102.737 GC heap before
{Heap before GC invocations=26 (full 0):
 garbage-first heap   total 196608K, used 169083K [0x0000000080000000, 0x0000000100000000)
  region size 1024K, 69 young (70656K), 9 survivors (9216K)
 Metaspace       used 93984K, capacity 96112K, committed 96752K, reserved 1134592K
  class space    used 11468K, capacity 12152K, committed 12492K, reserved 1048576K
}
Event: 102.747 GC heap after
{Heap after GC invocations=27 (full 0):
 garbage-first heap   total 196608K, used 109714K [0x0000000080000000, 0x0000000100000000)
  region size 1024K, 9 young (9216K), 9 survivors (9216K)
 Metaspace       used 93984K, capacity 96112K, committed 96752K, reserved 1134592K
  class space    used 11468K, capacity 12152K, committed 12492K, reserved 1048576K
}
Event: 102.758 GC heap before
{Heap before GC invocations=27 (full 0):
 garbage-first heap   total 196608K, used 110738K [0x0000000080000000, 0x0000000100000000)
  region size 1024K, 10 young (10240K), 9 survivors (9216K)
 Metaspace       used 93986K, capacity 96112K, committed 96752K, reserved 1134592K
  class space    used 11468K, capacity 12152K, committed 12492K, reserved 1048576K
}
Event: 102.766 GC heap after
{Heap after GC invocations=28 (full 0):
 garbage-first heap   total 196608K, used 100744K [0x0000000080000000, 0x0000000100000000)
  region size 1024K, 2 young (2048K), 2 survivors (2048K)
 Metaspace       used 93986K, capacity 96112K, committed 96752K, reserved 1134592K
  class space    used 11468K, capacity 12152K, committed 12492K, reserved 1048576K
}
Event: 102.940 GC heap before
{Heap before GC invocations=28 (full 0):
 garbage-first heap   total 196608K, used 121224K [0x0000000080000000, 0x0000000100000000)
  region size 1024K, 23 young (23552K), 2 survivors (2048K)
 Metaspace       used 94050K, capacity 96113K, committed 96752K, reserved 1134592K
  class space    used 11468K, capacity 12152K, committed 12492K, reserved 1048576K
}
Event: 102.944 GC heap after
{Heap after GC invocations=29 (full 0):
 garbage-first heap   total 196608K, used 104692K [0x0000000080000000, 0x0000000100000000)
  region size 1024K, 6 young (6144K), 6 survivors (6144K)
 Metaspace       used 94050K, capacity 96113K, committed 96752K, reserved 1134592K
  class space    used 11468K, capacity 12152K, committed 12492K, reserved 1048576K
}
Event: 103.128 GC heap before
{Heap before GC invocations=30 (full 0):
 garbage-first heap   total 196608K, used 171252K [0x0000000080000000, 0x0000000100000000)
  region size 1024K, 57 young (58368K), 6 survivors (6144K)
 Metaspace       used 94116K, capacity 96178K, committed 96752K, reserved 1134592K
  class space    used 11468K, capacity 12152K, committed 12492K, reserved 1048576K
}
Event: 103.135 GC heap after
{Heap after GC invocations=31 (full 0):
 garbage-first heap   total 196608K, used 106050K [0x0000000080000000, 0x0000000100000000)
  region size 1024K, 6 young (6144K), 6 survivors (6144K)
 Metaspace       used 94116K, capacity 96178K, committed 96752K, reserved 1134592K
  class space    used 11468K, capacity 12152K, committed 12492K, reserved 1048576K
}
Event: 103.143 GC heap before
{Heap before GC invocations=31 (full 0):
 garbage-first heap   total 196608K, used 108098K [0x0000000080000000, 0x0000000100000000)
  region size 1024K, 9 young (9216K), 6 survivors (6144K)
 Metaspace       used 94117K, capacity 96178K, committed 96752K, reserved 1134592K
  class space    used 11468K, capacity 12152K, committed 12492K, reserved 1048576K
}
Event: 103.147 GC heap after
{Heap after GC invocations=32 (full 0):
 garbage-first heap   total 196608K, used 104558K [0x0000000080000000, 0x0000000100000000)
  region size 1024K, 1 young (1024K), 1 survivors (1024K)
 Metaspace       used 94117K, capacity 96178K, committed 96752K, reserved 1134592K
  class space    used 11468K, capacity 12152K, committed 12492K, reserved 1048576K
}
Event: 103.351 GC heap before
{Heap before GC invocations=32 (full 0):
 garbage-first heap   total 196608K, used 156782K [0x0000000080000000, 0x0000000100000000)
  region size 1024K, 53 young (54272K), 1 survivors (1024K)
 Metaspace       used 94248K, capacity 96371K, committed 97008K, reserved 1134592K
  class space    used 11468K, capacity 12152K, committed 12492K, reserved 1048576K
}
Event: 103.356 GC heap after
{Heap after GC invocations=33 (full 0):
 garbage-first heap   total 196608K, used 105459K [0x0000000080000000, 0x0000000100000000)
  region size 1024K, 2 young (2048K), 2 survivors (2048K)
 Metaspace       used 94248K, capacity 96371K, committed 97008K, reserved 1134592K
  class space    used 11468K, capacity 12152K, committed 12492K, reserved 1048576K
}

